\BOOKMARK [0][-]{chapter.1}{\376\377\000L\000i\000s\000t\000\040\000M\000a\000n\000a\000g\000e\000m\000e\000n\000t\000\040\000\050\000L\000.\000I\000.\000M\000.\000A\000\051}{}% 1
\BOOKMARK [1][-]{section.1.1}{\376\377\000H\000o\000w\000\040\000l\000i\000s\000t\000s\000\040\000a\000r\000e\000\040\000p\000r\000o\000c\000e\000s\000s\000e\000d}{chapter.1}% 2
\BOOKMARK [1][-]{section.1.2}{\376\377\000U\000s\000a\000g\000e}{chapter.1}% 3
\BOOKMARK [2][-]{subsection.1.2.1}{\376\377\000F\000u\000l\000l\000\040\000p\000r\000o\000c\000e\000s\000s}{section.1.2}% 4
\BOOKMARK [2][-]{subsection.1.2.2}{\376\377\000I\000n\000d\000i\000v\000i\000d\000u\000a\000l\000\040\000c\000o\000m\000p\000o\000n\000e\000n\000t\000s}{section.1.2}% 5
\BOOKMARK [3][-]{subsubsection.1.2.2.1}{\376\377\000F\000i\000n\000r\000a}{subsection.1.2.2}% 6
\BOOKMARK [3][-]{subsubsection.1.2.2.2}{\376\377\000S\000a\000l\000e\000s\000f\000o\000r\000c\000e}{subsection.1.2.2}% 7
\BOOKMARK [3][-]{subsubsection.1.2.2.3}{\376\377\000S\000e\000a\000r\000c\000h\000\040\000c\000h\000a\000i\000n\000i\000n\000g}{subsection.1.2.2}% 8
\BOOKMARK [0][-]{chapter.2}{\376\377\000L\000i\000s\000t\000M\000a\000n\000a\000g\000e\000m\000e\000n\000t\000\040\000p\000a\000c\000k\000a\000g\000e}{}% 9
\BOOKMARK [1][-]{section.2.1}{\376\377\000l\000i\000s\000t\000\137\000p\000r\000o\000c\000e\000s\000s\000i\000n\000g\000.\000p\000y}{chapter.2}% 10
\BOOKMARK [0][-]{chapter.3}{\376\377\000L\000i\000s\000t\000M\000a\000n\000a\000g\000e\000m\000e\000n\000t\000.\000s\000e\000a\000r\000c\000h\000\040\000p\000a\000c\000k\000a\000g\000e}{}% 11
\BOOKMARK [1][-]{section.3.1}{\376\377\000f\000i\000n\000r\000a\000.\000p\000y}{chapter.3}% 12
\BOOKMARK [1][-]{section.3.2}{\376\377\000s\000a\000l\000e\000s\000f\000o\000r\000c\000e\000.\000p\000y}{chapter.3}% 13
\BOOKMARK [0][-]{chapter.4}{\376\377\000L\000i\000s\000t\000M\000a\000n\000a\000g\000e\000m\000e\000n\000t\000.\000s\000e\000a\000r\000c\000h\000.\000m\000l\000\040\000p\000a\000c\000k\000a\000g\000e}{}% 14
\BOOKMARK [0][-]{chapter.5}{\376\377\000L\000i\000s\000t\000M\000a\000n\000a\000g\000e\000m\000e\000n\000t\000.\000s\000o\000u\000r\000c\000e\000s\000\040\000p\000a\000c\000k\000a\000g\000e}{}% 15
\BOOKMARK [1][-]{section.5.1}{\376\377\000a\000c\000c\000o\000u\000n\000t\000s\000.\000p\000y}{chapter.5}% 16
\BOOKMARK [1][-]{section.5.2}{\376\377\000b\000d\000g\000s\000.\000p\000y}{chapter.5}% 17
\BOOKMARK [1][-]{section.5.3}{\376\377\000c\000a\000m\000p\000a\000i\000g\000n\000s\000.\000p\000y}{chapter.5}% 18
\BOOKMARK [0][-]{chapter.6}{\376\377\000L\000i\000s\000t\000M\000a\000n\000a\000g\000e\000m\000e\000n\000t\000.\000l\000e\000g\000a\000c\000y\000\040\000p\000a\000c\000k\000a\000g\000e}{}% 19
\BOOKMARK [0][-]{chapter.7}{\376\377\000L\000i\000s\000t\000M\000a\000n\000a\000g\000e\000m\000e\000n\000t\000.\000u\000t\000i\000l\000i\000t\000y\000\040\000p\000a\000c\000k\000a\000g\000e}{}% 20
\BOOKMARK [1][-]{section.7.1}{\376\377\000g\000e\000n\000e\000r\000a\000l\000.\000p\000y}{chapter.7}% 21
\BOOKMARK [1][-]{section.7.2}{\376\377\000p\000r\000o\000c\000e\000s\000s\000e\000s\000.\000p\000y}{chapter.7}% 22
\BOOKMARK [1][-]{section.7.3}{\376\377\000q\000u\000e\000u\000e\000.\000p\000y}{chapter.7}% 23
\BOOKMARK [1][-]{section.7.4}{\376\377\000s\000f\000\137\000h\000e\000l\000p\000e\000r\000.\000p\000y}{chapter.7}% 24
\BOOKMARK [0][-]{chapter.8}{\376\377\000L\000i\000s\000t\000M\000a\000n\000a\000g\000e\000m\000e\000n\000t\000.\000c\000r\000o\000n\000\137\000j\000o\000b\000s\000\040\000p\000a\000c\000k\000a\000g\000e}{}% 25
\BOOKMARK [0][-]{chapter.9}{\376\377\000I\000n\000d\000i\000c\000e\000s\000\040\000a\000n\000d\000\040\000t\000a\000b\000l\000e\000s}{}% 26
\BOOKMARK [0][-]{section*.127}{\376\377\000P\000y\000t\000h\000o\000n\000\040\000M\000o\000d\000u\000l\000e\000\040\000I\000n\000d\000e\000x}{}% 27
